\BOOKMARK [0][-]{chapter.1}{\376\377\000M\000e\000d\000i\000d\000a\000s}{}% 1
\BOOKMARK [1][-]{section.1.1}{\376\377\000E\000s\000p\000a\000\347\000o\000s\000\040\000M\000e\000n\000s\000u\000r\000\341\000v\000e\000i\000s}{chapter.1}% 2
\BOOKMARK [2][-]{subsection.1.1.1}{\376\377\000O\000\040\000q\000u\000e\000\040\000s\000\343\000o\000\040\000s\000i\000g\000m\000a\000-\000\341\000l\000g\000e\000b\000r\000a\000s\000\040\000?}{section.1.1}% 3
\BOOKMARK [2][-]{subsection.1.1.2}{\376\377\000C\000o\000m\000o\000\040\000g\000e\000r\000a\000r\000\040\000s\000i\000g\000m\000a\000-\000\341\000l\000g\000e\000b\000r\000a\000s\000\040\000?}{section.1.1}% 4
\BOOKMARK [2][-]{subsection.1.1.3}{\376\377\000s\000i\000g\000m\000a\000-\000\341\000l\000g\000e\000b\000r\000a\000s\000\040\000d\000e\000\040\000B\000o\000r\000e\000l}{section.1.1}% 5
\BOOKMARK [1][-]{section.1.2}{\376\377\000M\000e\000d\000i\000d\000a\000s}{chapter.1}% 6
\BOOKMARK [2][-]{subsection.1.2.1}{\376\377\000O\000\040\000q\000u\000e\000\040\000s\000\343\000o\000\040\000m\000e\000d\000i\000d\000a\000s\000?}{section.1.2}% 7
\BOOKMARK [2][-]{subsection.1.2.2}{\376\377\000P\000r\000o\000p\000r\000i\000e\000d\000a\000d\000e\000s\000\040\000d\000a\000s\000\040\000M\000e\000d\000i\000d\000a\000s}{section.1.2}% 8
\BOOKMARK [2][-]{subsection.1.2.3}{\376\377\000C\000o\000n\000j\000u\000n\000t\000o\000s\000\040\000d\000e\000\040\000M\000e\000d\000i\000d\000a\000\040\000N\000u\000l\000a\000\040\000e\000\040\000M\000e\000d\000i\000d\000a\000s\000\040\000C\000o\000m\000p\000l\000e\000t\000a\000s}{section.1.2}% 9
\BOOKMARK [1][-]{section.1.3}{\376\377\000T\000e\000o\000r\000e\000m\000a\000s\000\040\000d\000e\000\040\000E\000x\000t\000e\000n\000s\000\343\000o}{chapter.1}% 10
\BOOKMARK [2][-]{subsection.1.3.1}{\376\377\000T\000e\000o\000r\000e\000m\000a\000\040\000d\000e\000\040\000C\000o\000m\000p\000l\000e\000t\000a\000m\000e\000n\000t\000o\000\040\000d\000e\000\040\000M\000e\000d\000i\000d\000a}{section.1.3}% 11
\BOOKMARK [2][-]{subsection.1.3.2}{\376\377\000T\000e\000o\000r\000e\000m\000a\000\040\000d\000e\000\040\000E\000x\000t\000e\000n\000s\000\343\000o\000\040\000d\000e\000\040\000C\000a\000r\000a\000t\000h\000\351\000o\000d\000o\000r\000y}{section.1.3}% 12
\BOOKMARK [0][-]{chapter.2}{\376\377\000I\000n\000t\000e\000g\000r\000a\000\347\000\343\000o}{}% 13
\BOOKMARK [1][-]{section.2.1}{\376\377\000F\000u\000n\000\347\000\365\000e\000s\000\040\000M\000e\000n\000s\000u\000r\000\341\000v\000e\000i\000s}{chapter.2}% 14
\BOOKMARK [2][-]{subsection.2.1.1}{\376\377\000Q\000u\000a\000n\000d\000o\000\040\000p\000o\000d\000e\000m\000o\000s\000\040\000m\000e\000d\000i\000r\000\040\000f\000u\000n\000\347\000\365\000e\000s\000?}{section.2.1}% 15
\BOOKMARK [2][-]{subsection.2.1.2}{\376\377\000O\000p\000e\000r\000a\000m\000d\000o\000\040\000c\000o\000m\000\040\000f\000u\000n\000\347\000\365\000e\000s\000\040\000m\000e\000n\000s\000u\000r\000\341\000v\000e\000i\000s}{section.2.1}% 16
\BOOKMARK [2][-]{subsection.2.1.3}{\376\377\000S\000e\000q\000u\000\352\000n\000c\000i\000a\000s\000\040\000d\000e\000\040\000f\000u\000n\000\347\000\365\000e\000s\000\040\000m\000e\000n\000s\000u\000r\000\341\000v\000e\000i\000s}{section.2.1}% 17
\BOOKMARK [1][-]{section.2.2}{\376\377\000I\000n\000t\000e\000g\000r\000a\000\347\000\343\000o}{chapter.2}% 18
\BOOKMARK [2][-]{subsection.2.2.1}{\376\377\000F\000u\000n\000\347\000\365\000e\000s\000\040\000S\000i\000m\000p\000l\000e\000s}{section.2.2}% 19
\BOOKMARK [2][-]{subsection.2.2.2}{\376\377\000A\000\040\000I\000n\000t\000e\000g\000r\000a\000l\000\040\000d\000e\000\040\000L\000e\000b\000e\000s\000g\000u\000e}{section.2.2}% 20
\BOOKMARK [1][-]{section.2.3}{\376\377\000T\000e\000o\000r\000e\000m\000a\000s\000\040\000d\000e\000\040\000C\000o\000n\000v\000e\000r\000g\000\352\000n\000c\000i\000a}{chapter.2}% 21
\BOOKMARK [2][-]{subsection.2.3.1}{\376\377\000T\000e\000o\000r\000e\000m\000a\000\040\000d\000a\000\040\000C\000o\000n\000v\000e\000r\000g\000\352\000n\000c\000i\000a\000\040\000M\000o\000n\000\363\000t\000o\000n\000a}{section.2.3}% 22
\BOOKMARK [2][-]{subsection.2.3.2}{\376\377\000T\000e\000o\000r\000e\000m\000a\000\040\000d\000a\000\040\000C\000o\000n\000v\000e\000r\000g\000\352\000n\000c\000i\000a\000\040\000D\000o\000m\000i\000n\000a\000d\000a}{section.2.3}% 23
\BOOKMARK [0][-]{chapter.3}{\376\377\000O\000s\000\040\000E\000s\000p\000a\000\347\000o\000s\000\040\000d\000e\000\040\000L\000e\000b\000e\000s\000g\000u\000e}{}% 24
\BOOKMARK [1][-]{section.3.1}{\376\377\000E\000s\000p\000a\000\347\000o\000s\000\040\000L\000p}{chapter.3}% 25
\BOOKMARK [1][-]{section.3.2}{\376\377\000M\000o\000d\000o\000s\000\040\000d\000e\000\040\000C\000o\000n\000v\000e\000r\000g\000\352\000n\000c\000i\000a}{chapter.3}% 26
\BOOKMARK [1][-]{section.3.3}{\376\377\000T\000e\000o\000r\000e\000m\000a\000s\000\040\000d\000e\000\040\000D\000e\000c\000o\000m\000p\000o\000s\000i\000\347\000\343\000o}{chapter.3}% 27
\BOOKMARK [0][-]{chapter*.3}{\376\377\000D\000e\000f\000i\000n\000i\000\347\000\365\000e\000s\000\040\000A\000d\000i\000c\000i\000o\000n\000a\000i\000s}{}% 28
\BOOKMARK [0][-]{chapter*.4}{\376\377\000E\000x\000e\000r\000c\000\355\000c\000i\000o\000s\000\040\000e\000\040\000D\000e\000t\000a\000l\000h\000a\000m\000e\000n\000t\000o\000s}{}% 29
